<?xml version="1.0" encoding="UTF-8"?>
<!-- Generated by org.testng.reporters.JUnitXMLReporter -->
<testsuite ignored="0" hostname="LAPTOP-5DP9O1D7" failures="0" tests="2" name="Default test" time="140.12" errors="0" timestamp="2022-04-09T18:45:42 WIB">
  <testcase classname="com.juaracoding.catatankeuangan.StepDefinition" name="testAddExpense" time="72.128"/>
  <testcase classname="com.juaracoding.catatankeuangan.StepDefinition" name="testAddIncome" time="56.81"/>
</testsuite> <!-- Default test -->
